{
  "stats": {
    "suites": 1,
    "tests": 1,
    "passes": 1,
    "pending": 0,
    "failures": 0,
    "start": "2021-12-07T01:42:05.427Z",
    "end": "2021-12-07T01:42:14.259Z",
    "duration": 8832,
    "testsRegistered": 1,
    "passPercent": 100,
    "pendingPercent": 0,
    "other": 0,
    "hasOther": false,
    "skipped": 0,
    "hasSkipped": false
  },
  "results": [
    {
      "uuid": "65e27339-bdf7-4b23-9b88-a5d6b3fcf7a5",
      "title": "",
      "fullFile": "cypress/integration/cadastro.spec.js",
      "file": "cypress/integration/cadastro.spec.js",
      "beforeHooks": [],
      "afterHooks": [],
      "tests": [],
      "suites": [
        {
          "uuid": "26019f43-b5de-4b38-a709-bed0f90c7d73",
          "title": "Cadastro",
          "fullFile": "",
          "file": "",
          "beforeHooks": [],
          "afterHooks": [],
          "tests": [
            {
              "title": "Quando eu informar os dados e finalizar então o cadastro deve ser efetuado",
              "fullTitle": "Cadastro Quando eu informar os dados e finalizar então o cadastro deve ser efetuado",
              "timedOut": null,
              "duration": 5931,
              "state": "passed",
              "speed": "medium",
              "pass": true,
              "fail": false,
              "pending": false,
              "context": null,
              "code": "cy.visit(\"https://form-agilizei.netlify.app/index.html\"); //Inputs de texto / textarea / email -> type\ncy.get('input[name=firstName]').type(chance.first());\ncy.get('input[name=lastName]').type(chance.last());\ncy.get('textarea[name=adress]').type(chance.address());\ncy.get('input[name=emailAdress]').type(chance.email()); // Inputs Radio / checkbox -> check\ncy.get('input[value=n]').check();\ncy.get('input[type=checkbox]').check('Netflix');\ncy.get('input[type=checkbox]').check('Dormir'); // Inputs do tipo combobox / select -> select\ncy.get('select#countries').select('Dinamarca', {\n  force: true\n});\ncy.get('select#years').select('2006', {\n  force: true\n});\ncy.get('select#months').select('Janeiro', {\n  force: true\n});\ncy.get('select#days').select('8', {\n  force: true\n}); //Inputs de senha -> type\ncy.get('input#firstpassword').type('Teste@123');\ncy.get('input#secondpassword').type('Teste@123'); //Inputs do tipo button -> click\ncy.contains('Finalizar cadastro').click();\ncy.url().should('contain', 'listagem');",
              "err": {},
              "uuid": "cf18c81b-cfdc-4b46-af72-4b8e04d0ce09",
              "parentUUID": "26019f43-b5de-4b38-a709-bed0f90c7d73",
              "isHook": false,
              "skipped": false
            }
          ],
          "suites": [],
          "passes": [
            "cf18c81b-cfdc-4b46-af72-4b8e04d0ce09"
          ],
          "failures": [],
          "pending": [],
          "skipped": [],
          "duration": 5931,
          "root": false,
          "rootEmpty": false,
          "_timeout": 2000
        }
      ],
      "passes": [],
      "failures": [],
      "pending": [],
      "skipped": [],
      "duration": 0,
      "root": true,
      "rootEmpty": true,
      "_timeout": 2000
    }
  ],
  "meta": {
    "mocha": {
      "version": "7.0.1"
    },
    "mochawesome": {
      "options": {
        "quiet": true,
        "reportFilename": "mochawesome",
        "saveHtml": false,
        "saveJson": true,
        "consoleReporter": "spec",
        "useInlineDiffs": false,
        "code": true
      },
      "version": "7.0.1"
    },
    "marge": {
      "options": {
        "id": "default",
        "reportDir": "mochawesome-report",
        "quiet": true,
        "overwrite": false,
        "html": false,
        "json": true
      },
      "version": "6.0.1"
    }
  }
}